<?xml version="1.0" encoding="UTF-8"?>
<testsuite xmlns:xsi="http://www.w3.org/2001/XMLSchema-instance" xsi:noNamespaceSchemaLocation="https://maven.apache.org/surefire/maven-surefire-plugin/xsd/surefire-test-report.xsd" name="parallel.RunCucumberTest" time="91.912" tests="0" errors="0" skipped="0" failures="0">
  <properties>
    <property name="gopherProxySet" value="false"/>
    <property name="awt.toolkit" value="sun.lwawt.macosx.LWCToolkit"/>
    <property name="file.encoding.pkg" value="sun.io"/>
    <property name="java.specification.version" value="1.8"/>
    <property name="sun.cpu.isalist" value=""/>
    <property name="sun.jnu.encoding" value="UTF-8"/>
    <property name="java.class.path" value="/Users/kirubanithi_r/Documents/Everest/target/test-classes:/Users/kirubanithi_r/Documents/Everest/target/classes:/Users/kirubanithi_r/.m2/repository/io/qameta/allure/allure-junit4/2.15.0/allure-junit4-2.15.0.jar:/Users/kirubanithi_r/.m2/repository/io/qameta/allure/allure-java-commons/2.15.0/allure-java-commons-2.15.0.jar:/Users/kirubanithi_r/.m2/repository/io/qameta/allure/allure-model/2.15.0/allure-model-2.15.0.jar:/Users/kirubanithi_r/.m2/repository/org/slf4j/slf4j-api/1.7.5/slf4j-api-1.7.5.jar:/Users/kirubanithi_r/.m2/repository/org/slf4j/slf4j-simple/1.6.4/slf4j-simple-1.6.4.jar:/Users/kirubanithi_r/.m2/repository/ch/qos/logback/logback-core/1.3.0-alpha12/logback-core-1.3.0-alpha12.jar:/Users/kirubanithi_r/.m2/repository/ch/qos/logback/logback-classic/1.3.0-alpha12/logback-classic-1.3.0-alpha12.jar:/Users/kirubanithi_r/.m2/repository/org/seleniumhq/selenium/selenium-java/3.141.59/selenium-java-3.141.59.jar:/Users/kirubanithi_r/.m2/repository/org/seleniumhq/selenium/selenium-api/3.141.59/selenium-api-3.141.59.jar:/Users/kirubanithi_r/.m2/repository/org/seleniumhq/selenium/selenium-chrome-driver/3.141.59/selenium-chrome-driver-3.141.59.jar:/Users/kirubanithi_r/.m2/repository/org/seleniumhq/selenium/selenium-edge-driver/3.141.59/selenium-edge-driver-3.141.59.jar:/Users/kirubanithi_r/.m2/repository/org/seleniumhq/selenium/selenium-firefox-driver/3.141.59/selenium-firefox-driver-3.141.59.jar:/Users/kirubanithi_r/.m2/repository/org/seleniumhq/selenium/selenium-ie-driver/3.141.59/selenium-ie-driver-3.141.59.jar:/Users/kirubanithi_r/.m2/repository/org/seleniumhq/selenium/selenium-opera-driver/3.141.59/selenium-opera-driver-3.141.59.jar:/Users/kirubanithi_r/.m2/repository/org/seleniumhq/selenium/selenium-remote-driver/3.141.59/selenium-remote-driver-3.141.59.jar:/Users/kirubanithi_r/.m2/repository/org/seleniumhq/selenium/selenium-safari-driver/3.141.59/selenium-safari-driver-3.141.59.jar:/Users/kirubanithi_r/.m2/repository/org/seleniumhq/selenium/selenium-support/3.141.59/selenium-support-3.141.59.jar:/Users/kirubanithi_r/.m2/repository/net/bytebuddy/byte-buddy/1.8.15/byte-buddy-1.8.15.jar:/Users/kirubanithi_r/.m2/repository/org/apache/commons/commons-exec/1.3/commons-exec-1.3.jar:/Users/kirubanithi_r/.m2/repository/com/google/guava/guava/25.0-jre/guava-25.0-jre.jar:/Users/kirubanithi_r/.m2/repository/com/google/code/findbugs/jsr305/1.3.9/jsr305-1.3.9.jar:/Users/kirubanithi_r/.m2/repository/org/checkerframework/checker-compat-qual/2.0.0/checker-compat-qual-2.0.0.jar:/Users/kirubanithi_r/.m2/repository/com/google/errorprone/error_prone_annotations/2.1.3/error_prone_annotations-2.1.3.jar:/Users/kirubanithi_r/.m2/repository/com/google/j2objc/j2objc-annotations/1.1/j2objc-annotations-1.1.jar:/Users/kirubanithi_r/.m2/repository/org/codehaus/mojo/animal-sniffer-annotations/1.14/animal-sniffer-annotations-1.14.jar:/Users/kirubanithi_r/.m2/repository/com/squareup/okhttp3/okhttp/3.11.0/okhttp-3.11.0.jar:/Users/kirubanithi_r/.m2/repository/com/squareup/okio/okio/1.14.0/okio-1.14.0.jar:/Users/kirubanithi_r/.m2/repository/io/github/bonigarcia/webdrivermanager/4.2.2/webdrivermanager-4.2.2.jar:/Users/kirubanithi_r/.m2/repository/commons-io/commons-io/2.8.0/commons-io-2.8.0.jar:/Users/kirubanithi_r/.m2/repository/com/google/code/gson/gson/2.8.6/gson-2.8.6.jar:/Users/kirubanithi_r/.m2/repository/org/apache/commons/commons-lang3/3.11/commons-lang3-3.11.jar:/Users/kirubanithi_r/.m2/repository/org/apache/httpcomponents/client5/httpclient5/5.0.1/httpclient5-5.0.1.jar:/Users/kirubanithi_r/.m2/repository/org/apache/httpcomponents/core5/httpcore5/5.0.1/httpcore5-5.0.1.jar:/Users/kirubanithi_r/.m2/repository/org/apache/httpcomponents/core5/httpcore5-h2/5.0.1/httpcore5-h2-5.0.1.jar:/Users/kirubanithi_r/.m2/repository/org/rauschig/jarchivelib/1.1.0/jarchivelib-1.1.0.jar:/Users/kirubanithi_r/.m2/repository/org/jsoup/jsoup/1.13.1/jsoup-1.13.1.jar:/Users/kirubanithi_r/.m2/repository/io/appium/java-client/7.0.0/java-client-7.0.0.jar:/Users/kirubanithi_r/.m2/repository/org/apache/httpcomponents/httpclient/4.5.6/httpclient-4.5.6.jar:/Users/kirubanithi_r/.m2/repository/org/apache/httpcomponents/httpcore/4.4.10/httpcore-4.4.10.jar:/Users/kirubanithi_r/.m2/repository/commons-logging/commons-logging/1.2/commons-logging-1.2.jar:/Users/kirubanithi_r/.m2/repository/cglib/cglib/3.2.8/cglib-3.2.8.jar:/Users/kirubanithi_r/.m2/repository/org/ow2/asm/asm/6.2.1/asm-6.2.1.jar:/Users/kirubanithi_r/.m2/repository/org/apache/ant/ant/1.10.3/ant-1.10.3.jar:/Users/kirubanithi_r/.m2/repository/org/apache/ant/ant-launcher/1.10.3/ant-launcher-1.10.3.jar:/Users/kirubanithi_r/.m2/repository/commons-validator/commons-validator/1.6/commons-validator-1.6.jar:/Users/kirubanithi_r/.m2/repository/commons-beanutils/commons-beanutils/1.9.2/commons-beanutils-1.9.2.jar:/Users/kirubanithi_r/.m2/repository/commons-digester/commons-digester/1.8.1/commons-digester-1.8.1.jar:/Users/kirubanithi_r/.m2/repository/org/springframework/spring-context/5.1.0.RELEASE/spring-context-5.1.0.RELEASE.jar:/Users/kirubanithi_r/.m2/repository/org/springframework/spring-aop/5.1.0.RELEASE/spring-aop-5.1.0.RELEASE.jar:/Users/kirubanithi_r/.m2/repository/org/springframework/spring-beans/5.1.0.RELEASE/spring-beans-5.1.0.RELEASE.jar:/Users/kirubanithi_r/.m2/repository/org/springframework/spring-core/5.1.0.RELEASE/spring-core-5.1.0.RELEASE.jar:/Users/kirubanithi_r/.m2/repository/org/springframework/spring-jcl/5.1.0.RELEASE/spring-jcl-5.1.0.RELEASE.jar:/Users/kirubanithi_r/.m2/repository/org/springframework/spring-expression/5.1.0.RELEASE/spring-expression-5.1.0.RELEASE.jar:/Users/kirubanithi_r/.m2/repository/org/aspectj/aspectjweaver/1.9.1/aspectjweaver-1.9.1.jar:/Users/kirubanithi_r/.m2/repository/io/cucumber/cucumber-java/6.9.0/cucumber-java-6.9.0.jar:/Users/kirubanithi_r/.m2/repository/io/cucumber/cucumber-core/6.9.0/cucumber-core-6.9.0.jar:/Users/kirubanithi_r/.m2/repository/io/cucumber/cucumber-gherkin/6.9.0/cucumber-gherkin-6.9.0.jar:/Users/kirubanithi_r/.m2/repository/io/cucumber/cucumber-gherkin-messages/6.9.0/cucumber-gherkin-messages-6.9.0.jar:/Users/kirubanithi_r/.m2/repository/io/cucumber/messages/13.2.0/messages-13.2.0.jar:/Users/kirubanithi_r/.m2/repository/io/cucumber/tag-expressions/3.0.0/tag-expressions-3.0.0.jar:/Users/kirubanithi_r/.m2/repository/io/cucumber/cucumber-expressions/10.3.0/cucumber-expressions-10.3.0.jar:/Users/kirubanithi_r/.m2/repository/io/cucumber/datatable/3.5.0/datatable-3.5.0.jar:/Users/kirubanithi_r/.m2/repository/io/cucumber/cucumber-plugin/6.9.0/cucumber-plugin-6.9.0.jar:/Users/kirubanithi_r/.m2/repository/io/cucumber/docstring/6.9.0/docstring-6.9.0.jar:/Users/kirubanithi_r/.m2/repository/io/cucumber/html-formatter/9.0.0/html-formatter-9.0.0.jar:/Users/kirubanithi_r/.m2/repository/io/cucumber/create-meta/2.0.4/create-meta-2.0.4.jar:/Users/kirubanithi_r/.m2/repository/org/apiguardian/apiguardian-api/1.1.0/apiguardian-api-1.1.0.jar:/Users/kirubanithi_r/.m2/repository/io/cucumber/cucumber-junit/6.9.0/cucumber-junit-6.9.0.jar:/Users/kirubanithi_r/.m2/repository/junit/junit/4.13.2/junit-4.13.2.jar:/Users/kirubanithi_r/.m2/repository/org/hamcrest/hamcrest-core/1.3/hamcrest-core-1.3.jar:/Users/kirubanithi_r/.m2/repository/net/masterthought/cucumber-reporting/4.11.2/cucumber-reporting-4.11.2.jar:/Users/kirubanithi_r/.m2/repository/com/fasterxml/jackson/core/jackson-databind/2.9.9.3/jackson-databind-2.9.9.3.jar:/Users/kirubanithi_r/.m2/repository/com/fasterxml/jackson/core/jackson-annotations/2.9.0/jackson-annotations-2.9.0.jar:/Users/kirubanithi_r/.m2/repository/com/fasterxml/jackson/core/jackson-core/2.9.9/jackson-core-2.9.9.jar:/Users/kirubanithi_r/.m2/repository/org/apache/velocity/velocity/1.7/velocity-1.7.jar:/Users/kirubanithi_r/.m2/repository/commons-lang/commons-lang/2.4/commons-lang-2.4.jar:/Users/kirubanithi_r/.m2/repository/commons-collections/commons-collections/3.2.2/commons-collections-3.2.2.jar:/Users/kirubanithi_r/.m2/repository/velocity-tools/velocity-tools/1.4/velocity-tools-1.4.jar:/Users/kirubanithi_r/.m2/repository/joda-time/joda-time/2.10.2/joda-time-2.10.2.jar:/Users/kirubanithi_r/.m2/repository/org/codehaus/plexus/plexus-utils/3.2.0/plexus-utils-3.2.0.jar:/Users/kirubanithi_r/.m2/repository/com/googlecode/owasp-java-html-sanitizer/owasp-java-html-sanitizer/20190610.1/owasp-java-html-sanitizer-20190610.1.jar:/Users/kirubanithi_r/.m2/repository/commons-configuration/commons-configuration/1.10/commons-configuration-1.10.jar:/Users/kirubanithi_r/.m2/repository/org/projectlombok/lombok/1.18.22/lombok-1.18.22.jar:/Users/kirubanithi_r/.m2/repository/com/aventstack/extentreports-cucumber4-adapter/1.2.1/extentreports-cucumber4-adapter-1.2.1.jar:/Users/kirubanithi_r/.m2/repository/com/aventstack/extentreports/5.0.1/extentreports-5.0.1.jar:/Users/kirubanithi_r/.m2/repository/io/reactivex/rxjava3/rxjava/3.0.4/rxjava-3.0.4.jar:/Users/kirubanithi_r/.m2/repository/org/reactivestreams/reactive-streams/1.0.3/reactive-streams-1.0.3.jar:/Users/kirubanithi_r/.m2/repository/org/freemarker/freemarker/2.3.30/freemarker-2.3.30.jar:/Users/kirubanithi_r/.m2/repository/org/testng/testng/7.1.0/testng-7.1.0.jar:/Users/kirubanithi_r/.m2/repository/com/beust/jcommander/1.72/jcommander-1.72.jar:/Users/kirubanithi_r/.m2/repository/com/google/inject/guice/4.1.0/guice-4.1.0-no_aop.jar:/Users/kirubanithi_r/.m2/repository/javax/inject/javax.inject/1/javax.inject-1.jar:/Users/kirubanithi_r/.m2/repository/aopalliance/aopalliance/1.0/aopalliance-1.0.jar:/Users/kirubanithi_r/.m2/repository/org/yaml/snakeyaml/1.21/snakeyaml-1.21.jar:/Users/kirubanithi_r/.m2/repository/com/aventstack/klov-reporter/5.0.1/klov-reporter-5.0.1.jar:/Users/kirubanithi_r/.m2/repository/org/mongodb/bson/3.3.0/bson-3.3.0.jar:/Users/kirubanithi_r/.m2/repository/org/apache/httpcomponents/httpmime/4.5.2/httpmime-4.5.2.jar:/Users/kirubanithi_r/.m2/repository/org/mongodb/mongodb-driver/3.3.0/mongodb-driver-3.3.0.jar:/Users/kirubanithi_r/.m2/repository/org/mongodb/mongodb-driver-core/3.3.0/mongodb-driver-core-3.3.0.jar:/Users/kirubanithi_r/.m2/repository/com/applitools/eyes-sdk-core-java3/3.207.4/eyes-sdk-core-java3-3.207.4.jar:/Users/kirubanithi_r/.m2/repository/com/applitools/eyes-ufg-java3/3.207.4/eyes-ufg-java3-3.207.4.jar:/Users/kirubanithi_r/.m2/repository/com/applitools/eyes-connectivity-java3/3.207.4/eyes-connectivity-java3-3.207.4.jar:/Users/kirubanithi_r/.m2/repository/net/sourceforge/cssparser/cssparser/0.9.27/cssparser-0.9.27.jar:/Users/kirubanithi_r/.m2/repository/org/w3c/css/sac/1.3/sac-1.3.jar:/Users/kirubanithi_r/.m2/repository/com/applitools/eyes-connectivity-java3-jersey2x/3.207.4/eyes-connectivity-java3-jersey2x-3.207.4.jar:/Users/kirubanithi_r/.m2/repository/com/applitools/eyes-common-java3/3.207.4/eyes-common-java3-3.207.4.jar:/Users/kirubanithi_r/.m2/repository/org/imgscalr/imgscalr-lib/4.2/imgscalr-lib-4.2.jar:/Users/kirubanithi_r/.m2/repository/org/brotli/dec/0.1.1/dec-0.1.1.jar:/Users/kirubanithi_r/.m2/repository/com/helger/ph-css/6.1.1/ph-css-6.1.1.jar:/Users/kirubanithi_r/.m2/repository/com/helger/ph-commons/9.0.2/ph-commons-9.0.2.jar:/Users/kirubanithi_r/.m2/repository/org/glassfish/jersey/connectors/jersey-apache-connector/2.29/jersey-apache-connector-2.29.jar:/Users/kirubanithi_r/.m2/repository/org/glassfish/jersey/core/jersey-common/2.29/jersey-common-2.29.jar:/Users/kirubanithi_r/.m2/repository/jakarta/annotation/jakarta.annotation-api/1.3.4/jakarta.annotation-api-1.3.4.jar:/Users/kirubanithi_r/.m2/repository/org/glassfish/hk2/osgi-resource-locator/1.0.3/osgi-resource-locator-1.0.3.jar:/Users/kirubanithi_r/.m2/repository/jakarta/ws/rs/jakarta.ws.rs-api/2.1.5/jakarta.ws.rs-api-2.1.5.jar:/Users/kirubanithi_r/.m2/repository/org/glassfish/jersey/core/jersey-client/2.29/jersey-client-2.29.jar:/Users/kirubanithi_r/.m2/repository/org/glassfish/hk2/external/jakarta.inject/2.5.0/jakarta.inject-2.5.0.jar:/Users/kirubanithi_r/.m2/repository/org/glassfish/jersey/inject/jersey-hk2/2.29/jersey-hk2-2.29.jar:/Users/kirubanithi_r/.m2/repository/org/glassfish/hk2/hk2-locator/2.5.0/hk2-locator-2.5.0.jar:/Users/kirubanithi_r/.m2/repository/org/glassfish/hk2/external/aopalliance-repackaged/2.5.0/aopalliance-repackaged-2.5.0.jar:/Users/kirubanithi_r/.m2/repository/org/glassfish/hk2/hk2-api/2.5.0/hk2-api-2.5.0.jar:/Users/kirubanithi_r/.m2/repository/org/glassfish/hk2/hk2-utils/2.5.0/hk2-utils-2.5.0.jar:/Users/kirubanithi_r/.m2/repository/org/javassist/javassist/3.22.0-CR2/javassist-3.22.0-CR2.jar:/Users/kirubanithi_r/.m2/repository/javax/activation/activation/1.1.1/activation-1.1.1.jar:/Users/kirubanithi_r/.m2/repository/com/googlecode/json-simple/json-simple/1.1.1/json-simple-1.1.1.jar:/Users/kirubanithi_r/.m2/repository/com/applitools/eyes-appium-java3/3.208.2/eyes-appium-java3-3.208.2.jar:/Users/kirubanithi_r/.m2/repository/com/applitools/eyes-selenium-common-java3/3.208.2/eyes-selenium-common-java3-3.208.2.jar:/Users/kirubanithi_r/.m2/repository/org/apache/poi/poi/4.1.2/poi-4.1.2.jar:/Users/kirubanithi_r/.m2/repository/commons-codec/commons-codec/1.13/commons-codec-1.13.jar:/Users/kirubanithi_r/.m2/repository/org/apache/commons/commons-collections4/4.4/commons-collections4-4.4.jar:/Users/kirubanithi_r/.m2/repository/org/apache/commons/commons-math3/3.6.1/commons-math3-3.6.1.jar:/Users/kirubanithi_r/.m2/repository/com/zaxxer/SparseBitSet/1.2/SparseBitSet-1.2.jar:/Users/kirubanithi_r/.m2/repository/org/apache/poi/poi-ooxml/4.1.2/poi-ooxml-4.1.2.jar:/Users/kirubanithi_r/.m2/repository/org/apache/poi/poi-ooxml-schemas/4.1.2/poi-ooxml-schemas-4.1.2.jar:/Users/kirubanithi_r/.m2/repository/org/apache/xmlbeans/xmlbeans/3.1.0/xmlbeans-3.1.0.jar:/Users/kirubanithi_r/.m2/repository/org/apache/commons/commons-compress/1.19/commons-compress-1.19.jar:/Users/kirubanithi_r/.m2/repository/com/github/virtuald/curvesapi/1.06/curvesapi-1.06.jar:/Users/kirubanithi_r/.m2/repository/org/apache/maven/surefire/surefire-testng-utils/2.22.0/surefire-testng-utils-2.22.0.jar:/Users/kirubanithi_r/.m2/repository/org/apache/maven/surefire/surefire-grouper/2.22.0/surefire-grouper-2.22.0.jar:"/>
    <property name="java.vm.vendor" value="Oracle Corporation"/>
    <property name="sun.arch.data.model" value="64"/>
    <property name="accesskey" value="xVy3ocsyhSm8F9UTePCW"/>
    <property name="java.vendor.url" value="http://java.oracle.com/"/>
    <property name="user.timezone" value=""/>
    <property name="java.vm.specification.version" value="1.8"/>
    <property name="os.name" value="Mac OS X"/>
    <property name="user.country" value="IN"/>
    <property name="sun.java.launcher" value="SUN_STANDARD"/>
    <property name="sun.boot.library.path" value="/Library/Java/JavaVirtualMachines/jdk1.8.0_202.jdk/Contents/Home/jre/lib"/>
    <property name="sun.java.command" value="/Users/kirubanithi_r/Documents/Everest/target/surefire/surefirebooter3797290574767721411.jar /Users/kirubanithi_r/Documents/Everest/target/surefire 2022-07-13T15-46-27_164-jvmRun1 surefire1386844662648321232tmp surefire_05454093966873891951tmp"/>
    <property name="http.nonProxyHosts" value="local|*.local|169.254/16|*.169.254/16"/>
    <property name="surefire.test.class.path" value="/Users/kirubanithi_r/Documents/Everest/target/test-classes:/Users/kirubanithi_r/Documents/Everest/target/classes:/Users/kirubanithi_r/.m2/repository/io/qameta/allure/allure-junit4/2.15.0/allure-junit4-2.15.0.jar:/Users/kirubanithi_r/.m2/repository/io/qameta/allure/allure-java-commons/2.15.0/allure-java-commons-2.15.0.jar:/Users/kirubanithi_r/.m2/repository/io/qameta/allure/allure-model/2.15.0/allure-model-2.15.0.jar:/Users/kirubanithi_r/.m2/repository/org/slf4j/slf4j-api/1.7.5/slf4j-api-1.7.5.jar:/Users/kirubanithi_r/.m2/repository/org/slf4j/slf4j-simple/1.6.4/slf4j-simple-1.6.4.jar:/Users/kirubanithi_r/.m2/repository/ch/qos/logback/logback-core/1.3.0-alpha12/logback-core-1.3.0-alpha12.jar:/Users/kirubanithi_r/.m2/repository/ch/qos/logback/logback-classic/1.3.0-alpha12/logback-classic-1.3.0-alpha12.jar:/Users/kirubanithi_r/.m2/repository/org/seleniumhq/selenium/selenium-java/3.141.59/selenium-java-3.141.59.jar:/Users/kirubanithi_r/.m2/repository/org/seleniumhq/selenium/selenium-api/3.141.59/selenium-api-3.141.59.jar:/Users/kirubanithi_r/.m2/repository/org/seleniumhq/selenium/selenium-chrome-driver/3.141.59/selenium-chrome-driver-3.141.59.jar:/Users/kirubanithi_r/.m2/repository/org/seleniumhq/selenium/selenium-edge-driver/3.141.59/selenium-edge-driver-3.141.59.jar:/Users/kirubanithi_r/.m2/repository/org/seleniumhq/selenium/selenium-firefox-driver/3.141.59/selenium-firefox-driver-3.141.59.jar:/Users/kirubanithi_r/.m2/repository/org/seleniumhq/selenium/selenium-ie-driver/3.141.59/selenium-ie-driver-3.141.59.jar:/Users/kirubanithi_r/.m2/repository/org/seleniumhq/selenium/selenium-opera-driver/3.141.59/selenium-opera-driver-3.141.59.jar:/Users/kirubanithi_r/.m2/repository/org/seleniumhq/selenium/selenium-remote-driver/3.141.59/selenium-remote-driver-3.141.59.jar:/Users/kirubanithi_r/.m2/repository/org/seleniumhq/selenium/selenium-safari-driver/3.141.59/selenium-safari-driver-3.141.59.jar:/Users/kirubanithi_r/.m2/repository/org/seleniumhq/selenium/selenium-support/3.141.59/selenium-support-3.141.59.jar:/Users/kirubanithi_r/.m2/repository/net/bytebuddy/byte-buddy/1.8.15/byte-buddy-1.8.15.jar:/Users/kirubanithi_r/.m2/repository/org/apache/commons/commons-exec/1.3/commons-exec-1.3.jar:/Users/kirubanithi_r/.m2/repository/com/google/guava/guava/25.0-jre/guava-25.0-jre.jar:/Users/kirubanithi_r/.m2/repository/com/google/code/findbugs/jsr305/1.3.9/jsr305-1.3.9.jar:/Users/kirubanithi_r/.m2/repository/org/checkerframework/checker-compat-qual/2.0.0/checker-compat-qual-2.0.0.jar:/Users/kirubanithi_r/.m2/repository/com/google/errorprone/error_prone_annotations/2.1.3/error_prone_annotations-2.1.3.jar:/Users/kirubanithi_r/.m2/repository/com/google/j2objc/j2objc-annotations/1.1/j2objc-annotations-1.1.jar:/Users/kirubanithi_r/.m2/repository/org/codehaus/mojo/animal-sniffer-annotations/1.14/animal-sniffer-annotations-1.14.jar:/Users/kirubanithi_r/.m2/repository/com/squareup/okhttp3/okhttp/3.11.0/okhttp-3.11.0.jar:/Users/kirubanithi_r/.m2/repository/com/squareup/okio/okio/1.14.0/okio-1.14.0.jar:/Users/kirubanithi_r/.m2/repository/io/github/bonigarcia/webdrivermanager/4.2.2/webdrivermanager-4.2.2.jar:/Users/kirubanithi_r/.m2/repository/commons-io/commons-io/2.8.0/commons-io-2.8.0.jar:/Users/kirubanithi_r/.m2/repository/com/google/code/gson/gson/2.8.6/gson-2.8.6.jar:/Users/kirubanithi_r/.m2/repository/org/apache/commons/commons-lang3/3.11/commons-lang3-3.11.jar:/Users/kirubanithi_r/.m2/repository/org/apache/httpcomponents/client5/httpclient5/5.0.1/httpclient5-5.0.1.jar:/Users/kirubanithi_r/.m2/repository/org/apache/httpcomponents/core5/httpcore5/5.0.1/httpcore5-5.0.1.jar:/Users/kirubanithi_r/.m2/repository/org/apache/httpcomponents/core5/httpcore5-h2/5.0.1/httpcore5-h2-5.0.1.jar:/Users/kirubanithi_r/.m2/repository/org/rauschig/jarchivelib/1.1.0/jarchivelib-1.1.0.jar:/Users/kirubanithi_r/.m2/repository/org/jsoup/jsoup/1.13.1/jsoup-1.13.1.jar:/Users/kirubanithi_r/.m2/repository/io/appium/java-client/7.0.0/java-client-7.0.0.jar:/Users/kirubanithi_r/.m2/repository/org/apache/httpcomponents/httpclient/4.5.6/httpclient-4.5.6.jar:/Users/kirubanithi_r/.m2/repository/org/apache/httpcomponents/httpcore/4.4.10/httpcore-4.4.10.jar:/Users/kirubanithi_r/.m2/repository/commons-logging/commons-logging/1.2/commons-logging-1.2.jar:/Users/kirubanithi_r/.m2/repository/cglib/cglib/3.2.8/cglib-3.2.8.jar:/Users/kirubanithi_r/.m2/repository/org/ow2/asm/asm/6.2.1/asm-6.2.1.jar:/Users/kirubanithi_r/.m2/repository/org/apache/ant/ant/1.10.3/ant-1.10.3.jar:/Users/kirubanithi_r/.m2/repository/org/apache/ant/ant-launcher/1.10.3/ant-launcher-1.10.3.jar:/Users/kirubanithi_r/.m2/repository/commons-validator/commons-validator/1.6/commons-validator-1.6.jar:/Users/kirubanithi_r/.m2/repository/commons-beanutils/commons-beanutils/1.9.2/commons-beanutils-1.9.2.jar:/Users/kirubanithi_r/.m2/repository/commons-digester/commons-digester/1.8.1/commons-digester-1.8.1.jar:/Users/kirubanithi_r/.m2/repository/org/springframework/spring-context/5.1.0.RELEASE/spring-context-5.1.0.RELEASE.jar:/Users/kirubanithi_r/.m2/repository/org/springframework/spring-aop/5.1.0.RELEASE/spring-aop-5.1.0.RELEASE.jar:/Users/kirubanithi_r/.m2/repository/org/springframework/spring-beans/5.1.0.RELEASE/spring-beans-5.1.0.RELEASE.jar:/Users/kirubanithi_r/.m2/repository/org/springframework/spring-core/5.1.0.RELEASE/spring-core-5.1.0.RELEASE.jar:/Users/kirubanithi_r/.m2/repository/org/springframework/spring-jcl/5.1.0.RELEASE/spring-jcl-5.1.0.RELEASE.jar:/Users/kirubanithi_r/.m2/repository/org/springframework/spring-expression/5.1.0.RELEASE/spring-expression-5.1.0.RELEASE.jar:/Users/kirubanithi_r/.m2/repository/org/aspectj/aspectjweaver/1.9.1/aspectjweaver-1.9.1.jar:/Users/kirubanithi_r/.m2/repository/io/cucumber/cucumber-java/6.9.0/cucumber-java-6.9.0.jar:/Users/kirubanithi_r/.m2/repository/io/cucumber/cucumber-core/6.9.0/cucumber-core-6.9.0.jar:/Users/kirubanithi_r/.m2/repository/io/cucumber/cucumber-gherkin/6.9.0/cucumber-gherkin-6.9.0.jar:/Users/kirubanithi_r/.m2/repository/io/cucumber/cucumber-gherkin-messages/6.9.0/cucumber-gherkin-messages-6.9.0.jar:/Users/kirubanithi_r/.m2/repository/io/cucumber/messages/13.2.0/messages-13.2.0.jar:/Users/kirubanithi_r/.m2/repository/io/cucumber/tag-expressions/3.0.0/tag-expressions-3.0.0.jar:/Users/kirubanithi_r/.m2/repository/io/cucumber/cucumber-expressions/10.3.0/cucumber-expressions-10.3.0.jar:/Users/kirubanithi_r/.m2/repository/io/cucumber/datatable/3.5.0/datatable-3.5.0.jar:/Users/kirubanithi_r/.m2/repository/io/cucumber/cucumber-plugin/6.9.0/cucumber-plugin-6.9.0.jar:/Users/kirubanithi_r/.m2/repository/io/cucumber/docstring/6.9.0/docstring-6.9.0.jar:/Users/kirubanithi_r/.m2/repository/io/cucumber/html-formatter/9.0.0/html-formatter-9.0.0.jar:/Users/kirubanithi_r/.m2/repository/io/cucumber/create-meta/2.0.4/create-meta-2.0.4.jar:/Users/kirubanithi_r/.m2/repository/org/apiguardian/apiguardian-api/1.1.0/apiguardian-api-1.1.0.jar:/Users/kirubanithi_r/.m2/repository/io/cucumber/cucumber-junit/6.9.0/cucumber-junit-6.9.0.jar:/Users/kirubanithi_r/.m2/repository/junit/junit/4.13.2/junit-4.13.2.jar:/Users/kirubanithi_r/.m2/repository/org/hamcrest/hamcrest-core/1.3/hamcrest-core-1.3.jar:/Users/kirubanithi_r/.m2/repository/net/masterthought/cucumber-reporting/4.11.2/cucumber-reporting-4.11.2.jar:/Users/kirubanithi_r/.m2/repository/com/fasterxml/jackson/core/jackson-databind/2.9.9.3/jackson-databind-2.9.9.3.jar:/Users/kirubanithi_r/.m2/repository/com/fasterxml/jackson/core/jackson-annotations/2.9.0/jackson-annotations-2.9.0.jar:/Users/kirubanithi_r/.m2/repository/com/fasterxml/jackson/core/jackson-core/2.9.9/jackson-core-2.9.9.jar:/Users/kirubanithi_r/.m2/repository/org/apache/velocity/velocity/1.7/velocity-1.7.jar:/Users/kirubanithi_r/.m2/repository/commons-lang/commons-lang/2.4/commons-lang-2.4.jar:/Users/kirubanithi_r/.m2/repository/commons-collections/commons-collections/3.2.2/commons-collections-3.2.2.jar:/Users/kirubanithi_r/.m2/repository/velocity-tools/velocity-tools/1.4/velocity-tools-1.4.jar:/Users/kirubanithi_r/.m2/repository/joda-time/joda-time/2.10.2/joda-time-2.10.2.jar:/Users/kirubanithi_r/.m2/repository/org/codehaus/plexus/plexus-utils/3.2.0/plexus-utils-3.2.0.jar:/Users/kirubanithi_r/.m2/repository/com/googlecode/owasp-java-html-sanitizer/owasp-java-html-sanitizer/20190610.1/owasp-java-html-sanitizer-20190610.1.jar:/Users/kirubanithi_r/.m2/repository/commons-configuration/commons-configuration/1.10/commons-configuration-1.10.jar:/Users/kirubanithi_r/.m2/repository/org/projectlombok/lombok/1.18.22/lombok-1.18.22.jar:/Users/kirubanithi_r/.m2/repository/com/aventstack/extentreports-cucumber4-adapter/1.2.1/extentreports-cucumber4-adapter-1.2.1.jar:/Users/kirubanithi_r/.m2/repository/com/aventstack/extentreports/5.0.1/extentreports-5.0.1.jar:/Users/kirubanithi_r/.m2/repository/io/reactivex/rxjava3/rxjava/3.0.4/rxjava-3.0.4.jar:/Users/kirubanithi_r/.m2/repository/org/reactivestreams/reactive-streams/1.0.3/reactive-streams-1.0.3.jar:/Users/kirubanithi_r/.m2/repository/org/freemarker/freemarker/2.3.30/freemarker-2.3.30.jar:/Users/kirubanithi_r/.m2/repository/org/testng/testng/7.1.0/testng-7.1.0.jar:/Users/kirubanithi_r/.m2/repository/com/beust/jcommander/1.72/jcommander-1.72.jar:/Users/kirubanithi_r/.m2/repository/com/google/inject/guice/4.1.0/guice-4.1.0-no_aop.jar:/Users/kirubanithi_r/.m2/repository/javax/inject/javax.inject/1/javax.inject-1.jar:/Users/kirubanithi_r/.m2/repository/aopalliance/aopalliance/1.0/aopalliance-1.0.jar:/Users/kirubanithi_r/.m2/repository/org/yaml/snakeyaml/1.21/snakeyaml-1.21.jar:/Users/kirubanithi_r/.m2/repository/com/aventstack/klov-reporter/5.0.1/klov-reporter-5.0.1.jar:/Users/kirubanithi_r/.m2/repository/org/mongodb/bson/3.3.0/bson-3.3.0.jar:/Users/kirubanithi_r/.m2/repository/org/apache/httpcomponents/httpmime/4.5.2/httpmime-4.5.2.jar:/Users/kirubanithi_r/.m2/repository/org/mongodb/mongodb-driver/3.3.0/mongodb-driver-3.3.0.jar:/Users/kirubanithi_r/.m2/repository/org/mongodb/mongodb-driver-core/3.3.0/mongodb-driver-core-3.3.0.jar:/Users/kirubanithi_r/.m2/repository/com/applitools/eyes-sdk-core-java3/3.207.4/eyes-sdk-core-java3-3.207.4.jar:/Users/kirubanithi_r/.m2/repository/com/applitools/eyes-ufg-java3/3.207.4/eyes-ufg-java3-3.207.4.jar:/Users/kirubanithi_r/.m2/repository/com/applitools/eyes-connectivity-java3/3.207.4/eyes-connectivity-java3-3.207.4.jar:/Users/kirubanithi_r/.m2/repository/net/sourceforge/cssparser/cssparser/0.9.27/cssparser-0.9.27.jar:/Users/kirubanithi_r/.m2/repository/org/w3c/css/sac/1.3/sac-1.3.jar:/Users/kirubanithi_r/.m2/repository/com/applitools/eyes-connectivity-java3-jersey2x/3.207.4/eyes-connectivity-java3-jersey2x-3.207.4.jar:/Users/kirubanithi_r/.m2/repository/com/applitools/eyes-common-java3/3.207.4/eyes-common-java3-3.207.4.jar:/Users/kirubanithi_r/.m2/repository/org/imgscalr/imgscalr-lib/4.2/imgscalr-lib-4.2.jar:/Users/kirubanithi_r/.m2/repository/org/brotli/dec/0.1.1/dec-0.1.1.jar:/Users/kirubanithi_r/.m2/repository/com/helger/ph-css/6.1.1/ph-css-6.1.1.jar:/Users/kirubanithi_r/.m2/repository/com/helger/ph-commons/9.0.2/ph-commons-9.0.2.jar:/Users/kirubanithi_r/.m2/repository/org/glassfish/jersey/connectors/jersey-apache-connector/2.29/jersey-apache-connector-2.29.jar:/Users/kirubanithi_r/.m2/repository/org/glassfish/jersey/core/jersey-common/2.29/jersey-common-2.29.jar:/Users/kirubanithi_r/.m2/repository/jakarta/annotation/jakarta.annotation-api/1.3.4/jakarta.annotation-api-1.3.4.jar:/Users/kirubanithi_r/.m2/repository/org/glassfish/hk2/osgi-resource-locator/1.0.3/osgi-resource-locator-1.0.3.jar:/Users/kirubanithi_r/.m2/repository/jakarta/ws/rs/jakarta.ws.rs-api/2.1.5/jakarta.ws.rs-api-2.1.5.jar:/Users/kirubanithi_r/.m2/repository/org/glassfish/jersey/core/jersey-client/2.29/jersey-client-2.29.jar:/Users/kirubanithi_r/.m2/repository/org/glassfish/hk2/external/jakarta.inject/2.5.0/jakarta.inject-2.5.0.jar:/Users/kirubanithi_r/.m2/repository/org/glassfish/jersey/inject/jersey-hk2/2.29/jersey-hk2-2.29.jar:/Users/kirubanithi_r/.m2/repository/org/glassfish/hk2/hk2-locator/2.5.0/hk2-locator-2.5.0.jar:/Users/kirubanithi_r/.m2/repository/org/glassfish/hk2/external/aopalliance-repackaged/2.5.0/aopalliance-repackaged-2.5.0.jar:/Users/kirubanithi_r/.m2/repository/org/glassfish/hk2/hk2-api/2.5.0/hk2-api-2.5.0.jar:/Users/kirubanithi_r/.m2/repository/org/glassfish/hk2/hk2-utils/2.5.0/hk2-utils-2.5.0.jar:/Users/kirubanithi_r/.m2/repository/org/javassist/javassist/3.22.0-CR2/javassist-3.22.0-CR2.jar:/Users/kirubanithi_r/.m2/repository/javax/activation/activation/1.1.1/activation-1.1.1.jar:/Users/kirubanithi_r/.m2/repository/com/googlecode/json-simple/json-simple/1.1.1/json-simple-1.1.1.jar:/Users/kirubanithi_r/.m2/repository/com/applitools/eyes-appium-java3/3.208.2/eyes-appium-java3-3.208.2.jar:/Users/kirubanithi_r/.m2/repository/com/applitools/eyes-selenium-common-java3/3.208.2/eyes-selenium-common-java3-3.208.2.jar:/Users/kirubanithi_r/.m2/repository/org/apache/poi/poi/4.1.2/poi-4.1.2.jar:/Users/kirubanithi_r/.m2/repository/commons-codec/commons-codec/1.13/commons-codec-1.13.jar:/Users/kirubanithi_r/.m2/repository/org/apache/commons/commons-collections4/4.4/commons-collections4-4.4.jar:/Users/kirubanithi_r/.m2/repository/org/apache/commons/commons-math3/3.6.1/commons-math3-3.6.1.jar:/Users/kirubanithi_r/.m2/repository/com/zaxxer/SparseBitSet/1.2/SparseBitSet-1.2.jar:/Users/kirubanithi_r/.m2/repository/org/apache/poi/poi-ooxml/4.1.2/poi-ooxml-4.1.2.jar:/Users/kirubanithi_r/.m2/repository/org/apache/poi/poi-ooxml-schemas/4.1.2/poi-ooxml-schemas-4.1.2.jar:/Users/kirubanithi_r/.m2/repository/org/apache/xmlbeans/xmlbeans/3.1.0/xmlbeans-3.1.0.jar:/Users/kirubanithi_r/.m2/repository/org/apache/commons/commons-compress/1.19/commons-compress-1.19.jar:/Users/kirubanithi_r/.m2/repository/com/github/virtuald/curvesapi/1.06/curvesapi-1.06.jar:/Users/kirubanithi_r/.m2/repository/org/apache/maven/surefire/surefire-testng-utils/2.22.0/surefire-testng-utils-2.22.0.jar:/Users/kirubanithi_r/.m2/repository/org/apache/maven/surefire/surefire-grouper/2.22.0/surefire-grouper-2.22.0.jar:"/>
    <property name="browserstackusername" value="kirubanithiramad_TzF7no"/>
    <property name="sun.cpu.endian" value="little"/>
    <property name="user.home" value="/Users/kirubanithi_r"/>
    <property name="user.language" value="en"/>
    <property name="java.specification.vendor" value="Oracle Corporation"/>
    <property name="java.home" value="/Library/Java/JavaVirtualMachines/jdk1.8.0_202.jdk/Contents/Home/jre"/>
    <property name="basedir" value="/Users/kirubanithi_r/Documents/Everest"/>
    <property name="file.separator" value="/"/>
    <property name="line.separator" value="&#10;"/>
    <property name="java.vm.specification.vendor" value="Oracle Corporation"/>
    <property name="java.specification.name" value="Java Platform API Specification"/>
    <property name="java.awt.graphicsenv" value="sun.awt.CGraphicsEnvironment"/>
    <property name="surefire.real.class.path" value="/Users/kirubanithi_r/Documents/Everest/target/surefire/surefirebooter3797290574767721411.jar"/>
    <property name="sun.boot.class.path" value="/Library/Java/JavaVirtualMachines/jdk1.8.0_202.jdk/Contents/Home/jre/lib/resources.jar:/Library/Java/JavaVirtualMachines/jdk1.8.0_202.jdk/Contents/Home/jre/lib/rt.jar:/Library/Java/JavaVirtualMachines/jdk1.8.0_202.jdk/Contents/Home/jre/lib/sunrsasign.jar:/Library/Java/JavaVirtualMachines/jdk1.8.0_202.jdk/Contents/Home/jre/lib/jsse.jar:/Library/Java/JavaVirtualMachines/jdk1.8.0_202.jdk/Contents/Home/jre/lib/jce.jar:/Library/Java/JavaVirtualMachines/jdk1.8.0_202.jdk/Contents/Home/jre/lib/charsets.jar:/Library/Java/JavaVirtualMachines/jdk1.8.0_202.jdk/Contents/Home/jre/lib/jfr.jar:/Library/Java/JavaVirtualMachines/jdk1.8.0_202.jdk/Contents/Home/jre/classes"/>
    <property name="sun.management.compiler" value="HotSpot 64-Bit Tiered Compilers"/>
    <property name="ftp.nonProxyHosts" value="local|*.local|169.254/16|*.169.254/16"/>
    <property name="java.runtime.version" value="1.8.0_202-b08"/>
    <property name="user.name" value="kirubanithi_r"/>
    <property name="path.separator" value=":"/>
    <property name="deviceIndex" value="1"/>
    <property name="platform" value="iOS"/>
    <property name="os.version" value="10.16"/>
    <property name="java.endorsed.dirs" value="/Library/Java/JavaVirtualMachines/jdk1.8.0_202.jdk/Contents/Home/jre/lib/endorsed"/>
    <property name="java.runtime.name" value="Java(TM) SE Runtime Environment"/>
    <property name="file.encoding" value="US-ASCII"/>
    <property name="java.vm.name" value="Java HotSpot(TM) 64-Bit Server VM"/>
    <property name="localRepository" value="/Users/kirubanithi_r/.m2/repository"/>
    <property name="java.vendor.url.bug" value="http://bugreport.sun.com/bugreport/"/>
    <property name="java.io.tmpdir" value="/var/folders/gw/dwbyndbn3wg2ztjwz0w480_dzjqjgt/T/"/>
    <property name="java.version" value="1.8.0_202"/>
    <property name="user.dir" value="/Users/kirubanithi_r/Documents/Everest"/>
    <property name="os.arch" value="x86_64"/>
    <property name="java.vm.specification.name" value="Java Virtual Machine Specification"/>
    <property name="java.awt.printerjob" value="sun.lwawt.macosx.CPrinterJob"/>
    <property name="sun.os.patch.level" value="unknown"/>
    <property name="java.library.path" value="/Users/kirubanithi_r/Library/Java/Extensions:/Library/Java/Extensions:/Network/Library/Java/Extensions:/System/Library/Java/Extensions:/usr/lib/java:."/>
    <property name="java.vm.info" value="mixed mode"/>
    <property name="java.vendor" value="Oracle Corporation"/>
    <property name="java.vm.version" value="25.202-b08"/>
    <property name="java.ext.dirs" value="/Users/kirubanithi_r/Library/Java/Extensions:/Library/Java/JavaVirtualMachines/jdk1.8.0_202.jdk/Contents/Home/jre/lib/ext:/Library/Java/Extensions:/Network/Library/Java/Extensions:/System/Library/Java/Extensions:/usr/lib/java"/>
    <property name="sun.io.unicode.encoding" value="UnicodeBig"/>
    <property name="java.class.version" value="52.0"/>
    <property name="socksNonProxyHosts" value="local|*.local|169.254/16|*.169.254/16"/>
  </properties>
</testsuite>